{"meta": {"format": 2, "version": "7.4.1", "timestamp": "2024-02-18T10:10:17.633675", "branch_coverage": false, "show_contexts": false}, "files": {"src/tests/__init__.py": {"executed_lines": [1], "summary": {"covered_lines": 0, "num_statements": 0, "percent_covered": 100.0, "percent_covered_display": "100", "missing_lines": 0, "excluded_lines": 0}, "missing_lines": [], "excluded_lines": []}, "src/tests/test_enum_ex.py": {"executed_lines": [1, 4, 5, 6, 7, 8, 9, 10, 11, 14, 15, 16, 17, 18, 19, 20, 21, 22, 23, 24, 25, 26, 27, 28, 29, 30, 31, 32, 33, 34, 35, 38, 39, 40, 41, 42, 43, 44, 45, 48, 49, 50], "summary": {"covered_lines": 42, "num_statements": 42, "percent_covered": 100.0, "percent_covered_display": "100", "missing_lines": 0, "excluded_lines": 0}, "missing_lines": [], "excluded_lines": []}, "src/tests/test_frozen.py": {"executed_lines": [1, 2, 5, 6, 7, 8, 9, 11, 12, 13, 14, 15, 16, 17, 18, 19, 20, 21, 22, 23, 24, 25, 26, 27, 30, 31, 32, 33, 34, 35, 36, 37, 38, 39, 40, 41, 42, 43, 44, 45], "summary": {"covered_lines": 40, "num_statements": 40, "percent_covered": 100.0, "percent_covered_display": "100", "missing_lines": 0, "excluded_lines": 0}, "missing_lines": [], "excluded_lines": []}, "src/tests/test_type_info.py": {"executed_lines": [1, 2, 3, 4, 7, 8, 9, 10, 11, 12, 13, 14, 15, 17, 18, 19, 20, 23, 24, 25, 26, 27, 28, 29, 30, 31, 32, 33, 34, 35, 36, 39, 40, 41, 42, 43, 46, 47, 48, 51, 52, 53, 54, 55, 58, 59, 62, 63, 64, 65, 66, 67, 68], "summary": {"covered_lines": 53, "num_statements": 55, "percent_covered": 96.36363636363636, "percent_covered_display": "96", "missing_lines": 2, "excluded_lines": 0}, "missing_lines": [45, 57], "excluded_lines": []}, "src/tests/test_typed_defaultdict.py": {"executed_lines": [1, 2, 3, 4, 7, 8, 9, 10, 13, 14, 15, 18, 19, 20, 21, 22, 23, 26, 27, 28, 29, 30, 31, 32, 33, 36, 37, 38], "summary": {"covered_lines": 28, "num_statements": 28, "percent_covered": 100.0, "percent_covered_display": "100", "missing_lines": 0, "excluded_lines": 0}, "missing_lines": [], "excluded_lines": []}, "src/typing_ex/__init__.py": {"executed_lines": [1, 2, 3, 4, 11, 13], "summary": {"covered_lines": 5, "num_statements": 5, "percent_covered": 100.0, "percent_covered_display": "100", "missing_lines": 0, "excluded_lines": 0}, "missing_lines": [], "excluded_lines": []}, "src/typing_ex/enum_ex.py": {"executed_lines": [1, 2, 3, 6, 7, 8, 9, 10, 11, 12, 13, 16, 17, 18, 19, 20, 22, 23, 24, 26, 27, 28, 29, 30, 32, 33, 34, 35, 36, 37, 39, 41, 42, 43, 44, 45, 47, 48, 51, 52, 53, 56, 57, 58, 59, 60, 62, 63, 64, 66, 67, 70, 71, 72, 74, 75, 78, 79, 80, 81, 82, 85, 86, 87, 92, 95, 98, 100, 101, 102, 103, 104, 105, 107, 108, 109, 110, 111], "summary": {"covered_lines": 78, "num_statements": 89, "percent_covered": 87.64044943820225, "percent_covered_display": "88", "missing_lines": 11, "excluded_lines": 0}, "missing_lines": [21, 31, 49, 68, 76, 83, 88, 89, 90, 93, 96], "excluded_lines": []}, "src/typing_ex/frozen.py": {"executed_lines": [1, 2, 4, 5, 6, 9, 10, 13, 14, 17, 18, 19, 20, 21, 22, 23, 24, 25, 26, 27, 30, 31, 32, 33, 34, 35, 36, 37, 40, 41, 42, 43, 44, 45, 46, 48], "summary": {"covered_lines": 36, "num_statements": 36, "percent_covered": 100.0, "percent_covered_display": "100", "missing_lines": 0, "excluded_lines": 0}, "missing_lines": [], "excluded_lines": []}, "src/typing_ex/type_info.py": {"executed_lines": [1, 2, 3, 19, 22, 23, 24, 25, 28, 29, 30, 31, 33, 35, 36, 37, 38, 39, 40, 41, 48, 54, 55, 57, 58, 59, 61, 62, 63, 65, 66, 67, 69, 70, 71, 73, 74, 75, 77, 78, 81, 82, 85, 86, 89, 90, 93, 94, 95, 96, 99, 100, 103, 104, 106, 107, 108, 109, 110, 111, 112, 114, 115, 116, 117, 118, 119, 121, 125, 126, 128, 130, 131, 136, 137, 138, 140, 144, 145, 146, 150, 151, 152, 153, 155, 156, 157, 159, 160, 161, 162, 163, 164, 165, 166, 168, 169, 170, 172, 173, 174, 175], "summary": {"covered_lines": 102, "num_statements": 112, "percent_covered": 91.07142857142857, "percent_covered_display": "91", "missing_lines": 10, "excluded_lines": 0}, "missing_lines": [79, 83, 87, 101, 105, 113, 122, 123, 139, 176], "excluded_lines": []}, "src/typing_ex/typed_defaultdict.py": {"executed_lines": [1, 2, 10, 12, 14, 18, 19, 24, 25, 26, 27, 28, 29, 34, 35, 40, 41, 46, 47, 50, 54, 58, 59, 60, 63, 64, 65, 67, 69, 70, 71, 72, 73, 74, 77, 79, 80, 83, 84, 86, 89, 90, 92, 93, 95, 96, 97, 100, 108, 109, 110, 111, 112, 114, 119, 120, 121, 123, 126, 127, 128, 129, 131, 132, 133, 134, 135], "summary": {"covered_lines": 67, "num_statements": 90, "percent_covered": 74.44444444444444, "percent_covered_display": "74", "missing_lines": 23, "excluded_lines": 0}, "missing_lines": [21, 36, 37, 42, 43, 51, 66, 81, 85, 87, 91, 98, 101, 102, 103, 104, 105, 106, 115, 116, 117, 122, 124], "excluded_lines": []}}, "totals": {"covered_lines": 451, "num_statements": 497, "percent_covered": 90.74446680080483, "percent_covered_display": "91", "missing_lines": 46, "excluded_lines": 0}}